<?xml version="1.0" encoding="UTF-8"?>
<robot generator="Robot 7.0 (Python 3.12.4 on win32)" generated="2024-07-02T09:35:31.659597" rpa="false" schemaversion="5">
<suite id="s1" name="Test Suite" source="D:\pythonProject\TestCases\automationexercise\test_suite.robot">
<test id="s1-t1" name="Test Case 6: Contact Us Form" line="114">
<kw name="HomePage.Launch Browser" owner="HomePage">
<kw name="Open Browser" owner="SeleniumLibrary">
<msg time="2024-07-02T09:35:32.332795" level="INFO">Opening browser 'chrome' to base url 'https://chromewebstore.google.com/detail/ublock-origin/cjpalhdlnbpafiamejdnhcphjbkeiagm'.</msg>
<arg>${EXTENSION URL}</arg>
<arg>chrome</arg>
<doc>Opens a new browser instance to the optional ``url``.</doc>
<status status="PASS" start="2024-07-02T09:35:32.332795" elapsed="4.761090"/>
</kw>
<kw name="Maximize Browser Window" owner="SeleniumLibrary">
<doc>Maximizes current browser window.</doc>
<status status="PASS" start="2024-07-02T09:35:37.094882" elapsed="3.115313"/>
</kw>
<kw name="Click Element" owner="SeleniumLibrary">
<msg time="2024-07-02T09:35:40.211193" level="INFO">Clicking element '//*[contains(text(), "Add to Chrome")]'.</msg>
<arg>${EXT INSTALL BTN}</arg>
<doc>Click the element identified by ``locator``.</doc>
<status status="PASS" start="2024-07-02T09:35:40.210195" elapsed="0.116748"/>
</kw>
<kw name="Sleep" owner="BuiltIn">
<msg time="2024-07-02T09:36:10.327160" level="INFO">Slept 30 seconds.</msg>
<arg>30 sec</arg>
<doc>Pauses the test executed for the given time.</doc>
<status status="PASS" start="2024-07-02T09:35:40.326943" elapsed="30.000217"/>
</kw>
<doc>Launch the browser and open the application.</doc>
<status status="PASS" start="2024-07-02T09:35:32.330800" elapsed="37.997365"/>
</kw>
<kw name="HomePage.Navigate to URL" owner="HomePage">
<kw name="Go To" owner="SeleniumLibrary">
<msg time="2024-07-02T09:36:10.330150" level="INFO">Opening url 'http://automationexercise.com'</msg>
<arg>${url}</arg>
<doc>Navigates the current browser window to the provided ``url``.</doc>
<status status="PASS" start="2024-07-02T09:36:10.329185" elapsed="12.278215"/>
</kw>
<arg>${BASE_URL}</arg>
<status status="PASS" start="2024-07-02T09:36:10.328165" elapsed="12.279235"/>
</kw>
<kw name="HomePage.Verify Home Page is Visible" owner="HomePage">
<kw name="Title Should Be" owner="SeleniumLibrary">
<msg time="2024-07-02T09:36:22.629340" level="INFO">Page title is 'Automation Exercise'.</msg>
<arg>${HOMEPAGE_TITLE}</arg>
<doc>Verifies that the current page title equals ``title``.</doc>
<status status="PASS" start="2024-07-02T09:36:22.610397" elapsed="0.019940"/>
</kw>
<status status="PASS" start="2024-07-02T09:36:22.608397" elapsed="0.021940"/>
</kw>
<kw name="HomePage.Click Contact Us Button" owner="HomePage">
<kw name="Click Element" owner="SeleniumLibrary">
<msg time="2024-07-02T09:36:22.633330" level="INFO">Clicking element 'xpath=//a[contains(text(),'Contact us')]'.</msg>
<arg>xpath=//a[contains(text(),'Contact us')]</arg>
<doc>Click the element identified by ``locator``.</doc>
<status status="PASS" start="2024-07-02T09:36:22.632334" elapsed="2.723813"/>
</kw>
<status status="PASS" start="2024-07-02T09:36:22.631335" elapsed="2.724812"/>
</kw>
<kw name="HomePage.Verify Text" owner="HomePage">
<kw name="Page Should Contain" owner="SeleniumLibrary">
<msg time="2024-07-02T09:36:25.392051" level="INFO">Current page contains text 'Get In Touch'.</msg>
<arg>${thanksfortext}</arg>
<doc>Verifies that current page contains ``text``.</doc>
<status status="PASS" start="2024-07-02T09:36:25.358140" elapsed="0.034907"/>
</kw>
<arg>Get In Touch</arg>
<status status="PASS" start="2024-07-02T09:36:25.357143" elapsed="0.036900"/>
</kw>
<kw name="RegistrationPage.Fill Contact Us Form" owner="RegistrationPage">
<kw name="Input Text" owner="SeleniumLibrary">
<msg time="2024-07-02T09:36:25.396038" level="INFO">Typing text 'John Doe' into text field 'name=name'.</msg>
<arg>name=name</arg>
<arg>${name}</arg>
<doc>Types the given ``text`` into the text field identified by ``locator``.</doc>
<status status="PASS" start="2024-07-02T09:36:25.395042" elapsed="0.169548"/>
</kw>
<kw name="Input Text" owner="SeleniumLibrary">
<msg time="2024-07-02T09:36:25.565586" level="INFO">Typing text 'randomtestkarim45@mailinator.com' into text field 'name=email'.</msg>
<arg>name=email</arg>
<arg>${email}</arg>
<doc>Types the given ``text`` into the text field identified by ``locator``.</doc>
<status status="PASS" start="2024-07-02T09:36:25.565586" elapsed="0.227391"/>
</kw>
<kw name="Input Text" owner="SeleniumLibrary">
<msg time="2024-07-02T09:36:25.794973" level="INFO">Typing text 'Test Subject' into text field 'name=subject'.</msg>
<arg>name=subject</arg>
<arg>${subject}</arg>
<doc>Types the given ``text`` into the text field identified by ``locator``.</doc>
<status status="PASS" start="2024-07-02T09:36:25.793974" elapsed="0.215454"/>
</kw>
<kw name="Input Text" owner="SeleniumLibrary">
<msg time="2024-07-02T09:36:26.011426" level="INFO">Typing text 'Test Message' into text field 'name=message'.</msg>
<arg>name=message</arg>
<arg>${message}</arg>
<doc>Types the given ``text`` into the text field identified by ``locator``.</doc>
<status status="PASS" start="2024-07-02T09:36:26.010427" elapsed="0.188494"/>
</kw>
<arg>John Doe</arg>
<arg>${EMAIL}</arg>
<arg>Test Subject</arg>
<arg>Test Message</arg>
<status status="PASS" start="2024-07-02T09:36:25.394043" elapsed="0.804878"/>
</kw>
<kw name="RegistrationPage.Upload File" owner="RegistrationPage">
<kw name="Choose File" owner="SeleniumLibrary">
<msg time="2024-07-02T09:36:26.200916" level="INFO">Sending D:\pythonProject\resources\uploadfile.pdf to browser.</msg>
<arg>name=upload_file</arg>
<arg>${file_path}</arg>
<doc>Inputs the ``file_path`` into the file input field ``locator``.</doc>
<status status="PASS" start="2024-07-02T09:36:26.200916" elapsed="0.085771"/>
</kw>
<kw name="Sleep" owner="BuiltIn">
<msg time="2024-07-02T09:36:36.288538" level="INFO">Slept 10 seconds.</msg>
<arg>10s</arg>
<doc>Pauses the test executed for the given time.</doc>
<status status="PASS" start="2024-07-02T09:36:26.286687" elapsed="10.001851"/>
</kw>
<arg>D:\\pythonProject\\resources\\uploadfile.pdf</arg>
<status status="PASS" start="2024-07-02T09:36:26.199920" elapsed="10.089615"/>
</kw>
<kw name="RegistrationPage.Click Submit Button" owner="RegistrationPage">
<kw name="Click Element" owner="SeleniumLibrary">
<msg time="2024-07-02T09:36:36.292527" level="INFO">Clicking element 'xpath=//input[@type='submit']'.</msg>
<arg>xpath=//input[@type='submit']</arg>
<doc>Click the element identified by ``locator``.</doc>
<status status="PASS" start="2024-07-02T09:36:36.291529" elapsed="0.239361"/>
</kw>
<kw name="Sleep" owner="BuiltIn">
<msg time="2024-07-02T09:36:46.531289" level="INFO">Slept 10 seconds.</msg>
<arg>10s</arg>
<doc>Pauses the test executed for the given time.</doc>
<status status="PASS" start="2024-07-02T09:36:36.530890" elapsed="10.001399"/>
</kw>
<status status="PASS" start="2024-07-02T09:36:36.289535" elapsed="10.242754"/>
</kw>
<kw name="RegistrationPage.Click OK Button" owner="RegistrationPage">
<kw name="Alert Should Be Present" owner="SeleniumLibrary">
<msg time="2024-07-02T09:36:46.537275" level="INFO">HANDLE::&lt;class 'NoneType'&gt;::None</msg>
<doc>Verifies that an alert is present and by default, accepts it.</doc>
<status status="PASS" start="2024-07-02T09:36:46.536277" elapsed="0.045875"/>
</kw>
<status status="PASS" start="2024-07-02T09:36:46.534283" elapsed="0.048866"/>
</kw>
<kw name="HomePage.Verify Text" owner="HomePage">
<kw name="Page Should Contain" owner="SeleniumLibrary">
<msg time="2024-07-02T09:36:46.687870" level="INFO">Current page contains text 'Success! Your details have been submitted successfully.'.</msg>
<arg>${thanksfortext}</arg>
<doc>Verifies that current page contains ``text``.</doc>
<status status="PASS" start="2024-07-02T09:36:46.585145" elapsed="0.102725"/>
</kw>
<arg>Success! Your details have been submitted successfully.</arg>
<status status="PASS" start="2024-07-02T09:36:46.584153" elapsed="0.103717"/>
</kw>
<kw name="HomePage.Click Home Button" owner="HomePage">
<kw name="Click Element" owner="SeleniumLibrary">
<msg time="2024-07-02T09:36:46.692861" level="INFO">Clicking element 'xpath=//a[contains(text(),'Home')]'.</msg>
<arg>xpath=//a[contains(text(),'Home')]</arg>
<doc>Click the element identified by ``locator``.</doc>
<status status="PASS" start="2024-07-02T09:36:46.689863" elapsed="2.423981"/>
</kw>
<status status="PASS" start="2024-07-02T09:36:46.688868" elapsed="2.425969"/>
</kw>
<kw name="HomePage.Verify Home Page is Visible" owner="HomePage">
<kw name="Title Should Be" owner="SeleniumLibrary">
<msg time="2024-07-02T09:36:49.126805" level="INFO">Page title is 'Automation Exercise'.</msg>
<arg>${HOMEPAGE_TITLE}</arg>
<doc>Verifies that the current page title equals ``title``.</doc>
<status status="PASS" start="2024-07-02T09:36:49.116833" elapsed="0.009972"/>
</kw>
<status status="PASS" start="2024-07-02T09:36:49.115835" elapsed="0.012966"/>
</kw>
<kw name="Close All Browsers" owner="SeleniumLibrary" type="TEARDOWN">
<doc>Closes all open browsers and resets the browser cache.</doc>
<status status="PASS" start="2024-07-02T09:36:49.129799" elapsed="7.249366"/>
</kw>
<doc>Submit the Contact Us form.</doc>
<status status="PASS" start="2024-07-02T09:35:32.328805" elapsed="84.052360"/>
</test>
<kw name="Close All Browsers" owner="SeleniumLibrary" type="TEARDOWN">
<doc>Closes all open browsers and resets the browser cache.</doc>
<status status="PASS" start="2024-07-02T09:36:56.389141" elapsed="0.002988"/>
</kw>
<status status="PASS" start="2024-07-02T09:35:31.687521" elapsed="84.705610"/>
</suite>
<statistics>
<total>
<stat pass="1" fail="0" skip="0">All Tests</stat>
</total>
<tag>
</tag>
<suite>
<stat pass="1" fail="0" skip="0" id="s1" name="Test Suite">Test Suite</stat>
</suite>
</statistics>
<errors>
</errors>
</robot>
